#
# There is insufficient memory for the Java Runtime Environment to continue.
# Native memory allocation (mmap) failed to map 132120576 bytes for G1 virtual space
# Possible reasons:
#   The system is out of physical RAM or swap space
#   The process is running with CompressedOops enabled, and the Java Heap may be blocking the growth of the native heap
# Possible solutions:
#   Reduce memory load on the system
#   Increase physical memory or swap space
#   Check if swap backing store is full
#   Decrease Java heap size (-Xmx/-Xms)
#   Decrease number of Java threads
#   Decrease Java thread stack sizes (-Xss)
#   Set larger code cache with -XX:ReservedCodeCacheSize=
#   JVM is running with Unscaled Compressed Oops mode in which the Java heap is
#     placed in the first 4GB address space. The Java Heap base address is the
#     maximum limit for the native heap growth. Please use -XX:HeapBaseMinAddress
#     to set the Java Heap base and to place the Java Heap above 4GB virtual address.
# This output file may be truncated or incomplete.
#
#  Out of Memory Error (os_windows.cpp:3528), pid=16580, tid=28992
#
# JRE version:  (20.0.1+9) (build )
# Java VM: Java HotSpot(TM) 64-Bit Server VM (20.0.1+9-29, mixed mode, sharing, tiered, compressed oops, compressed class ptrs, g1 gc, windows-amd64)
# No core dump will be written. Minidumps are not enabled by default on client versions of Windows
#

---------------  S U M M A R Y ------------

Command Line: 

Host: Intel(R) Core(TM) i7-8565U CPU @ 1.80GHz, 8 cores, 7G,  Windows 11 , 64 bit Build 22621 (10.0.22621.1635)
Time: Sun May 28 15:02:14 2023 W. Europe Summer Time elapsed time: 0.039285 seconds (0d 0h 0m 0s)

---------------  T H R E A D  ---------------

Current thread (0x000001d906af48e0):  JavaThread "Unknown thread" [_thread_in_vm, id=28992, stack(0x000000c16dc00000,0x000000c16dd00000)]

Stack: [0x000000c16dc00000,0x000000c16dd00000]
Native frames: (J=compiled Java code, j=interpreted, Vv=VM code, C=native code)
V  [jvm.dll+0x6bb95a]
V  [jvm.dll+0x8485fa]
V  [jvm.dll+0x84a1f5]
V  [jvm.dll+0x84a8f3]
V  [jvm.dll+0x280b0f]
V  [jvm.dll+0x6b86e9]
V  [jvm.dll+0x6ad2da]
V  [jvm.dll+0x35adf5]
V  [jvm.dll+0x363016]
V  [jvm.dll+0x3b3b3e]
V  [jvm.dll+0x3b3dc5]
V  [jvm.dll+0x32b50a]
V  [jvm.dll+0x32c32b]
V  [jvm.dll+0x8112bf]
V  [jvm.dll+0x3c0d91]
V  [jvm.dll+0x7fcfe3]
V  [jvm.dll+0x44c76f]
V  [jvm.dll+0x44e0e1]
C  [jli.dll+0x5287]
C  [ucrtbase.dll+0x29363]
C  [KERNEL32.DLL+0x126ad]
C  [ntdll.dll+0x5a9f8]


---------------  P R O C E S S  ---------------

Threads class SMR info:
_java_thread_list=0x00007ff83f97a098, length=0, elements={
}

Java Threads: ( => current thread )

Other Threads:
  0x000001d906b52370 WorkerThread "GC Thread#0" [stack: 0x000000c16dd00000,0x000000c16de00000] [id=14208]
  0x000001d906b63100 ConcurrentGCThread "G1 Main Marker" [stack: 0x000000c16de00000,0x000000c16df00000] [id=21816]
  0x000001d906b63e30 WorkerThread "G1 Conc#0" [stack: 0x000000c16df00000,0x000000c16e000000] [id=17284]

[error occurred during error reporting (printing all threads), id 0xc0000005, EXCEPTION_ACCESS_VIOLATION (0xc0000005) at pc=0x00007ff83f15eb47]
VM state: not at safepoint (not fully initialized)

VM Mutex/Monitor currently owned by a thread:  ([mutex/lock_event])
[0x000001d906aef960] Heap_lock - owner thread: 0x000001d906af48e0

Heap address: 0x0000000082400000, size: 2012 MB, Compressed Oops mode: 32-bit

CDS archive(s) mapped at: [0x0000000000000000-0x0000000000000000-0x0000000000000000), size 0, SharedBaseAddress: 0x0000000800000000, ArchiveRelocationMode: 0.
Narrow klass base: 0x0000000000000000, Narrow klass shift: 0, Narrow klass range: 0x0

GC Precious Log:
 CardTable entry size: 512
 Card Set container configuration: InlinePtr #cards 5 size 8 Array Of Cards #cards 12 size 40 Howl #buckets 4 coarsen threshold 1843 Howl Bitmap #cards 512 size 80 coarsen threshold 460 Card regions per heap region 1 cards per card region 2048

Heap:
 garbage-first heap   total 0K, used 0K [0x0000000082400000, 0x0000000100000000)
  region size 1024K, 0 young (0K), 0 survivors (0K)

[error occurred during error reporting (printing heap information), id 0xc0000005, EXCEPTION_ACCESS_VIOLATION (0xc0000005) at pc=0x00007ff83f533c59]
GC Heap History (0 events):
No events

Dll operation events (1 events):
Event: 0.027 Loaded shared library C:\Program Files\Java\jdk-20\bin\java.dll

Deoptimization events (0 events):
No events

Classes loaded (0 events):
No events

Classes unloaded (0 events):
No events

Classes redefined (0 events):
No events

Internal exceptions (0 events):
No events

VM Operations (0 events):
No events

Events (0 events):
No events


Dynamic libraries:
0x00007ff650140000 - 0x00007ff650150000 	C:\Program Files\Java\jdk-20\bin\java.exe
0x00007ff8a02b0000 - 0x00007ff8a04c4000 	C:\WINDOWS\SYSTEM32\ntdll.dll
0x00007ff89eb90000 - 0x00007ff89ec52000 	C:\WINDOWS\System32\KERNEL32.DLL
0x00007ff89d6d0000 - 0x00007ff89da73000 	C:\WINDOWS\System32\KERNELBASE.dll
0x00007ff89df90000 - 0x00007ff89e0a1000 	C:\WINDOWS\System32\ucrtbase.dll
0x00007ff891220000 - 0x00007ff891239000 	C:\Program Files\Java\jdk-20\bin\jli.dll
0x00007ff89f760000 - 0x00007ff89f80e000 	C:\WINDOWS\System32\ADVAPI32.dll
0x00007ff89f6b0000 - 0x00007ff89f757000 	C:\WINDOWS\System32\msvcrt.dll
0x00007ff89f9c0000 - 0x00007ff89fa64000 	C:\WINDOWS\System32\sechost.dll
0x00007ff89e150000 - 0x00007ff89e267000 	C:\WINDOWS\System32\RPCRT4.dll
0x00007ff89f230000 - 0x00007ff89f3db000 	C:\WINDOWS\System32\USER32.dll
0x00007ff89dd80000 - 0x00007ff89dda6000 	C:\WINDOWS\System32\win32u.dll
0x00007ff89e0b0000 - 0x00007ff89e0d9000 	C:\WINDOWS\System32\GDI32.dll
0x00007ff89dbc0000 - 0x00007ff89dcd8000 	C:\WINDOWS\System32\gdi32full.dll
0x00007ff89dce0000 - 0x00007ff89dd7a000 	C:\WINDOWS\System32\msvcp_win.dll
0x00007ff882ed0000 - 0x00007ff88315e000 	C:\WINDOWS\WinSxS\amd64_microsoft.windows.common-controls_6595b64144ccf1df_6.0.22621.1635_none_270f70857386168e\COMCTL32.dll
0x00007ff89b330000 - 0x00007ff89b33a000 	C:\WINDOWS\SYSTEM32\VERSION.dll
0x00007ff88ff70000 - 0x00007ff88ff8b000 	C:\Program Files\Java\jdk-20\bin\VCRUNTIME140.dll
0x00007ff89ed40000 - 0x00007ff89ed71000 	C:\WINDOWS\System32\IMM32.DLL
0x00007ff8911f0000 - 0x00007ff8911fc000 	C:\Program Files\Java\jdk-20\bin\vcruntime140_1.dll
0x00007ff880900000 - 0x00007ff88098e000 	C:\Program Files\Java\jdk-20\bin\msvcp140.dll
0x00007ff83ee20000 - 0x00007ff83fab7000 	C:\Program Files\Java\jdk-20\bin\server\jvm.dll
0x00007ff895530000 - 0x00007ff895539000 	C:\WINDOWS\SYSTEM32\WSOCK32.dll
0x00007ff89f480000 - 0x00007ff89f4f1000 	C:\WINDOWS\System32\WS2_32.dll
0x00007ff895440000 - 0x00007ff895474000 	C:\WINDOWS\SYSTEM32\WINMM.dll
0x00007ff89c810000 - 0x00007ff89c828000 	C:\WINDOWS\SYSTEM32\kernel.appcore.dll
0x00007ff88ff60000 - 0x00007ff88ff6a000 	C:\Program Files\Java\jdk-20\bin\jimage.dll
0x00007ff8976a0000 - 0x00007ff8978ce000 	C:\WINDOWS\SYSTEM32\DBGHELP.DLL
0x00007ff89eea0000 - 0x00007ff89f229000 	C:\WINDOWS\System32\combase.dll
0x00007ff89ec60000 - 0x00007ff89ed37000 	C:\WINDOWS\System32\OLEAUT32.dll
0x00007ff87e430000 - 0x00007ff87e462000 	C:\WINDOWS\SYSTEM32\dbgcore.DLL
0x00007ff89da80000 - 0x00007ff89dafb000 	C:\WINDOWS\System32\bcryptPrimitives.dll
0x00007ff859b30000 - 0x00007ff859b56000 	C:\Program Files\Java\jdk-20\bin\java.dll

dbghelp: loaded successfully - version: 4.0.5 - missing functions: none
symbol engine: initialized successfully - sym options: 0x614 - pdb path: .;C:\Program Files\Java\jdk-20\bin;C:\WINDOWS\SYSTEM32;C:\WINDOWS\WinSxS\amd64_microsoft.windows.common-controls_6595b64144ccf1df_6.0.22621.1635_none_270f70857386168e;C:\Program Files\Java\jdk-20\bin\server

VM Arguments:
java_command: <unknown>
java_class_path (initial): <not set>
Launcher Type: SUN_STANDARD

[Global flags]
     intx CICompilerCount                          = 4                                         {product} {ergonomic}
     uint ConcGCThreads                            = 2                                         {product} {ergonomic}
     uint G1ConcRefinementThreads                  = 8                                         {product} {ergonomic}
   size_t G1HeapRegionSize                         = 1048576                                   {product} {ergonomic}
    uintx GCDrainStackTargetSize                   = 64                                        {product} {ergonomic}
   size_t InitialHeapSize                          = 132120576                                 {product} {ergonomic}
   size_t MarkStackSize                            = 4194304                                   {product} {ergonomic}
   size_t MaxHeapSize                              = 2109734912                                {product} {ergonomic}
   size_t MinHeapDeltaBytes                        = 1048576                                   {product} {ergonomic}
   size_t MinHeapSize                              = 8388608                                   {product} {ergonomic}
    uintx NonNMethodCodeHeapSize                   = 5839372                                {pd product} {ergonomic}
    uintx NonProfiledCodeHeapSize                  = 122909434                              {pd product} {ergonomic}
    uintx ProfiledCodeHeapSize                     = 122909434                              {pd product} {ergonomic}
    uintx ReservedCodeCacheSize                    = 251658240                              {pd product} {ergonomic}
     bool SegmentedCodeCache                       = true                                      {product} {ergonomic}
   size_t SoftMaxHeapSize                          = 2109734912                             {manageable} {ergonomic}
     bool UseCompressedClassPointers               = true                           {product lp64_product} {ergonomic}
     bool UseCompressedOops                        = true                           {product lp64_product} {ergonomic}
     bool UseG1GC                                  = true                                      {product} {ergonomic}
     bool UseLargePagesIndividualAllocation        = false                                  {pd product} {ergonomic}

Logging:
Log output configuration:
 #0: stdout all=warning uptime,level,tags foldmultilines=false
 #1: stderr all=off uptime,level,tags foldmultilines=false

Environment Variables:
PATH=C:\web designer\react native\ReactApp2\ReactApp2\android\node_modules\.bin;C:\web designer\react native\ReactApp2\ReactApp2\node_modules\.bin;C:\web designer\react native\ReactApp2\node_modules\.bin;C:\web designer\react native\node_modules\.bin;C:\web designer\node_modules\.bin;C:\node_modules\.bin;C:\Program Files\nodejs;C:\web designer\react native\ReactApp2\ReactApp2\node_modules\.bin;C:\web designer\react native\ReactApp2\ReactApp2\node_modules\.bin;C:\web designer\react native\ReactApp2\node_modules\.bin;C:\web designer\react native\node_modules\.bin;C:\web designer\node_modules\.bin;C:\node_modules\.bin;C:\Users\utente\AppData\Roaming\npm\node_modules\npm\node_modules\@npmcli\run-script\lib\node-gyp-bin;C:\web designer\react native\ReactApp2\ReactApp2\node_modules\.bin;C:\web designer\react native\ReactApp2\node_modules\.bin;C:\web designer\react native\node_modules\.bin;C:\web designer\node_modules\.bin;C:\node_modules\.bin;C:\Program Files\nodejs;C:\web designer\react native\ReactApp2\ReactApp2\node_modules\react-native\scripts\node_modules\.bin;C:\web designer\react native\ReactApp2\ReactApp2\node_modules\react-native\node_modules\.bin;C:\web designer\react native\ReactApp2\ReactApp2\node_modules\node_modules\.bin;C:\web designer\react native\ReactApp2\ReactApp2\node_modules\.bin;C:\web designer\react native\ReactApp2\node_modules\.bin;C:\web designer\react native\node_modules\.bin;C:\web designer\node_modules\.bin;C:\node_modules\.bin;C:\Program Files\nodejs;C:\Program Files\Common Files\Oracle\Java\javapath;C:\Program Files\Eclipse Adoptium\jdk-17.0.6.10-hotspot\bin;C:\Python311\Scripts\;C:\Python311\;.;C:\DAYSIM\lib\;C:\DAYSIM\bin\;C:\Program Files (x86)\Common Files\Intel\Shared Libraries\redist\ia32_win\mpirt;C:\Program Files (x86)\Common Files\Intel\Shared Libraries\redist\ia32_win\compiler;C:\Program Files\Microsoft MPI\Bin\;C:\Windows\system32;C:\Windows;C:\Windows\System32\Wbem;C:\Windows\System32\WindowsPowerShell\v1.0\;C:\Windows\System32\OpenSSH\;C:\Program Files (x86)\NVIDIA Corporation\PhysX\Common;C:\Program Files\NVIDIA Corporation\NVIDIA NvDLISR;C:\Program Files\Microsoft SQL Server\120\Tools\Binn\;C:\Program Files\Common Files\Autodesk Shared\;C:\Program Files\Intel\WiFi\bin\;C:\Program Files\Common Files\Intel\WirelessCommon\;C:\WINDOWS\system32;C:\WINDOWS;C:\WINDOWS\System32\Wbem;C:\WINDOWS\System32\WindowsPowerShell\v1.0\;C:\WINDOWS\System32\OpenSSH\;C:\Program Files\dotnet\;C:\Program Files\Microsoft VS Code\bin;C:\Program Files\Git\cmd;C:\Program Files\nodejs\;C:\ProgramData\chocolatey\bin;C:\Program Files (x86)\Microsoft SQL Server\160\Tools\Binn\;C:\Program Files\Microsoft SQL Server\160\Tools\Binn\;C:\Program Files\Microsoft SQL Server\Client SDK\ODBC\170\Tools\Binn\;C:\Program Files\Microsoft SQL Server\160\DTS\Binn\;C:\Program Files (x86)\Microsoft SQL Server\160\DTS\Binn\;C:\Program Files\Azure Data Studio\bin;.;C:\DAYSIM\lib\;C:\DAYSIM\bin\;C:\Users\utente\AppData\Local\Microsoft\WindowsApps;C:\Program Files\JetBrains\WebStorm 2021.3.1\bin;;C:\Users\utente\AppData\Local\GitHubDesktop\bin;C:\Users\utente\AppData\Roaming\npm;C:\Program Files\Azure Data Studio\bin;C:\Users\utente\AppData\Local\Android\Sdk\platform-tools;
USERNAME=utente
LANG=en_US.UTF-8
OS=Windows_NT
PROCESSOR_IDENTIFIER=Intel64 Family 6 Model 142 Stepping 11, GenuineIntel
TMP=C:\Users\utente\AppData\Local\Temp
TEMP=C:\Users\utente\AppData\Local\Temp




---------------  S Y S T E M  ---------------

OS:
 Windows 11 , 64 bit Build 22621 (10.0.22621.1635)
OS uptime: 2 days 15:16 hours

CPU: total 8 (initial active 8) (4 cores per cpu, 2 threads per core) family 6 model 142 stepping 11 microcode 0xde, cx8, cmov, fxsr, ht, mmx, 3dnowpref, sse, sse2, sse3, ssse3, sse4.1, sse4.2, popcnt, lzcnt, tsc, tscinvbit, avx, avx2, aes, erms, clmul, bmi1, bmi2, adx, fma, vzeroupper, clflush, clflushopt, rdtscp, f16c

Memory: 4k page, system-wide physical 8043M (411M free)
TotalPageFile size 32609M (AvailPageFile size 105M)
current process WorkingSet (physical memory assigned to process): 11M, peak: 11M
current process commit charge ("private bytes"): 60M, peak: 186M

vm_info: Java HotSpot(TM) 64-Bit Server VM (20.0.1+9-29) for windows-amd64 JRE (20.0.1+9-29), built on 2023-03-07T13:56:11Z by "mach5one" with MS VC++ 17.1 (VS2022)

END.
